Copyright 1986-2017 Xilinx, Inc. All Rights Reserved.
---------------------------------------------------------------------------------------------------------------------------------------
| Tool Version : Vivado v.2017.4 (lin64) Build 2086221 Fri Dec 15 20:54:30 MST 2017
| Date         : Mon Jun 24 13:39:04 2019
| Host         : jonas-500R5L running 64-bit Ubuntu 16.04.4 LTS
| Command      : report_drc -file design_1_wrapper_drc_opted.rpt -pb design_1_wrapper_drc_opted.pb -rpx design_1_wrapper_drc_opted.rpx
| Design       : design_1_wrapper
| Device       : xc7z010clg400-1
| Speed File   : -1
| Design State : Synthesized
---------------------------------------------------------------------------------------------------------------------------------------

Report DRC

Table of Contents
-----------------
1. REPORT SUMMARY
2. REPORT DETAILS

1. REPORT SUMMARY
-----------------
            Netlist: netlist
          Floorplan: design_1
      Design limits: <entire design considered>
           Ruledeck: default
             Max violations: <unlimited>
             Violations found: 39
+-----------+----------+----------------------------+------------+
| Rule      | Severity | Description                | Violations |
+-----------+----------+----------------------------+------------+
| CHECK-3   | Warning  | Report rule limit reached  | 1          |
| DPIP-1    | Warning  | Input pipelining           | 7          |
| DPOP-1    | Warning  | PREG Output pipelining     | 5          |
| DPOP-2    | Warning  | MREG Output pipelining     | 5          |
| REQP-1839 | Warning  | RAMB36 async control check | 20         |
| ZPS7-1    | Warning  | PS7 block required         | 1          |
+-----------+----------+----------------------------+------------+

2. REPORT DETAILS
-----------------
CHECK-3#1 Warning
Report rule limit reached  
REQP-1839 rule limit reached: 20 violations have been found.
Related violations: <none>

DPIP-1#1 Warning
Input pipelining  
DSP design_1_i/pdi_0/U0/controller/multOp__0 input design_1_i/pdi_0/U0/controller/multOp__0/A[29:0] is not pipelined. Pipelining DSP48 input will improve performance.
Related violations: <none>

DPIP-1#2 Warning
Input pipelining  
DSP design_1_i/pdi_0/U0/datapath/s_dout1 input design_1_i/pdi_0/U0/datapath/s_dout1/A[29:0] is not pipelined. Pipelining DSP48 input will improve performance.
Related violations: <none>

DPIP-1#3 Warning
Input pipelining  
DSP design_1_i/pdi_0/U0/datapath/s_dout1 input design_1_i/pdi_0/U0/datapath/s_dout1/B[17:0] is not pipelined. Pipelining DSP48 input will improve performance.
Related violations: <none>

DPIP-1#4 Warning
Input pipelining  
DSP design_1_i/pdi_0/U0/datapath/s_dout1__0 input design_1_i/pdi_0/U0/datapath/s_dout1__0/A[29:0] is not pipelined. Pipelining DSP48 input will improve performance.
Related violations: <none>

DPIP-1#5 Warning
Input pipelining  
DSP design_1_i/pdi_0/U0/datapath/s_dout1__0 input design_1_i/pdi_0/U0/datapath/s_dout1__0/B[17:0] is not pipelined. Pipelining DSP48 input will improve performance.
Related violations: <none>

DPIP-1#6 Warning
Input pipelining  
DSP design_1_i/pdi_0/U0/datapath/s_dout1__1 input design_1_i/pdi_0/U0/datapath/s_dout1__1/A[29:0] is not pipelined. Pipelining DSP48 input will improve performance.
Related violations: <none>

DPIP-1#7 Warning
Input pipelining  
DSP design_1_i/pdi_0/U0/datapath/s_dout1__1 input design_1_i/pdi_0/U0/datapath/s_dout1__1/B[17:0] is not pipelined. Pipelining DSP48 input will improve performance.
Related violations: <none>

DPOP-1#1 Warning
PREG Output pipelining  
DSP design_1_i/pdi_0/U0/controller/multOp output design_1_i/pdi_0/U0/controller/multOp/P[47:0] is not pipelined (PREG=0). Pipelining the DSP48 output will improve performance and often saves power so it is suggested whenever possible to fully pipeline this function.  If this DSP48 function was inferred, it is suggested to describe an additional register stage after this function.  If the DSP48 was instantiated in the design, it is suggested to set the PREG attribute to 1.
Related violations: <none>

DPOP-1#2 Warning
PREG Output pipelining  
DSP design_1_i/pdi_0/U0/controller/multOp__0 output design_1_i/pdi_0/U0/controller/multOp__0/P[47:0] is not pipelined (PREG=0). Pipelining the DSP48 output will improve performance and often saves power so it is suggested whenever possible to fully pipeline this function.  If this DSP48 function was inferred, it is suggested to describe an additional register stage after this function.  If the DSP48 was instantiated in the design, it is suggested to set the PREG attribute to 1.
Related violations: <none>

DPOP-1#3 Warning
PREG Output pipelining  
DSP design_1_i/pdi_0/U0/datapath/s_dout1 output design_1_i/pdi_0/U0/datapath/s_dout1/P[47:0] is not pipelined (PREG=0). Pipelining the DSP48 output will improve performance and often saves power so it is suggested whenever possible to fully pipeline this function.  If this DSP48 function was inferred, it is suggested to describe an additional register stage after this function.  If the DSP48 was instantiated in the design, it is suggested to set the PREG attribute to 1.
Related violations: <none>

DPOP-1#4 Warning
PREG Output pipelining  
DSP design_1_i/pdi_0/U0/datapath/s_dout1__0 output design_1_i/pdi_0/U0/datapath/s_dout1__0/P[47:0] is not pipelined (PREG=0). Pipelining the DSP48 output will improve performance and often saves power so it is suggested whenever possible to fully pipeline this function.  If this DSP48 function was inferred, it is suggested to describe an additional register stage after this function.  If the DSP48 was instantiated in the design, it is suggested to set the PREG attribute to 1.
Related violations: <none>

DPOP-1#5 Warning
PREG Output pipelining  
DSP design_1_i/pdi_0/U0/datapath/s_dout1__1 output design_1_i/pdi_0/U0/datapath/s_dout1__1/P[47:0] is not pipelined (PREG=0). Pipelining the DSP48 output will improve performance and often saves power so it is suggested whenever possible to fully pipeline this function.  If this DSP48 function was inferred, it is suggested to describe an additional register stage after this function.  If the DSP48 was instantiated in the design, it is suggested to set the PREG attribute to 1.
Related violations: <none>

DPOP-2#1 Warning
MREG Output pipelining  
DSP design_1_i/pdi_0/U0/controller/multOp multiplier stage design_1_i/pdi_0/U0/controller/multOp/P[47:0] is not pipelined (MREG=0). Pipelining the multiplier function will improve performance and will save significant power so it is suggested whenever possible to fully pipeline this function.  If this multiplier was inferred, it is suggested to describe an additional register stage after this function.  If there is no registered adder/accumulator following the multiply function, two pipeline stages are suggested to allow both the MREG and PREG registers to be used.  If the DSP48 was instantiated in the design, it is suggested to set both the MREG and PREG attributes to 1 when performing multiply functions.
Related violations: <none>

DPOP-2#2 Warning
MREG Output pipelining  
DSP design_1_i/pdi_0/U0/controller/multOp__0 multiplier stage design_1_i/pdi_0/U0/controller/multOp__0/P[47:0] is not pipelined (MREG=0). Pipelining the multiplier function will improve performance and will save significant power so it is suggested whenever possible to fully pipeline this function.  If this multiplier was inferred, it is suggested to describe an additional register stage after this function.  If there is no registered adder/accumulator following the multiply function, two pipeline stages are suggested to allow both the MREG and PREG registers to be used.  If the DSP48 was instantiated in the design, it is suggested to set both the MREG and PREG attributes to 1 when performing multiply functions.
Related violations: <none>

DPOP-2#3 Warning
MREG Output pipelining  
DSP design_1_i/pdi_0/U0/datapath/s_dout1 multiplier stage design_1_i/pdi_0/U0/datapath/s_dout1/P[47:0] is not pipelined (MREG=0). Pipelining the multiplier function will improve performance and will save significant power so it is suggested whenever possible to fully pipeline this function.  If this multiplier was inferred, it is suggested to describe an additional register stage after this function.  If there is no registered adder/accumulator following the multiply function, two pipeline stages are suggested to allow both the MREG and PREG registers to be used.  If the DSP48 was instantiated in the design, it is suggested to set both the MREG and PREG attributes to 1 when performing multiply functions.
Related violations: <none>

DPOP-2#4 Warning
MREG Output pipelining  
DSP design_1_i/pdi_0/U0/datapath/s_dout1__0 multiplier stage design_1_i/pdi_0/U0/datapath/s_dout1__0/P[47:0] is not pipelined (MREG=0). Pipelining the multiplier function will improve performance and will save significant power so it is suggested whenever possible to fully pipeline this function.  If this multiplier was inferred, it is suggested to describe an additional register stage after this function.  If there is no registered adder/accumulator following the multiply function, two pipeline stages are suggested to allow both the MREG and PREG registers to be used.  If the DSP48 was instantiated in the design, it is suggested to set both the MREG and PREG attributes to 1 when performing multiply functions.
Related violations: <none>

DPOP-2#5 Warning
MREG Output pipelining  
DSP design_1_i/pdi_0/U0/datapath/s_dout1__1 multiplier stage design_1_i/pdi_0/U0/datapath/s_dout1__1/P[47:0] is not pipelined (MREG=0). Pipelining the multiplier function will improve performance and will save significant power so it is suggested whenever possible to fully pipeline this function.  If this multiplier was inferred, it is suggested to describe an additional register stage after this function.  If there is no registered adder/accumulator following the multiply function, two pipeline stages are suggested to allow both the MREG and PREG registers to be used.  If the DSP48 was instantiated in the design, it is suggested to set both the MREG and PREG attributes to 1 when performing multiply functions.
Related violations: <none>

REQP-1839#1 Warning
RAMB36 async control check  
The RAMB36E1 design_1_i/rom_0/U0/dout_reg_0_0 has an input control pin design_1_i/rom_0/U0/dout_reg_0_0/ADDRARDADDR[0] (net: design_1_i/rom_0/U0/address[0]) which is driven by a register (design_1_i/pdi_0/U0/controller/pixel_addr_reg[0]) that has an active asychronous set or reset. This may cause corruption of the memory contents and/or read values when the set/reset is asserted and is not analyzed by the default static timing analysis. It is suggested to eliminate the use of a set/reset to registers driving this RAMB pin or else use a synchronous reset in which the assertion of the reset is timed by default.
Related violations: <none>

REQP-1839#2 Warning
RAMB36 async control check  
The RAMB36E1 design_1_i/rom_0/U0/dout_reg_0_0 has an input control pin design_1_i/rom_0/U0/dout_reg_0_0/ADDRARDADDR[10] (net: design_1_i/rom_0/U0/address[10]) which is driven by a register (design_1_i/pdi_0/U0/controller/pixel_addr_reg[10]) that has an active asychronous set or reset. This may cause corruption of the memory contents and/or read values when the set/reset is asserted and is not analyzed by the default static timing analysis. It is suggested to eliminate the use of a set/reset to registers driving this RAMB pin or else use a synchronous reset in which the assertion of the reset is timed by default.
Related violations: <none>

REQP-1839#3 Warning
RAMB36 async control check  
The RAMB36E1 design_1_i/rom_0/U0/dout_reg_0_0 has an input control pin design_1_i/rom_0/U0/dout_reg_0_0/ADDRARDADDR[11] (net: design_1_i/rom_0/U0/address[11]) which is driven by a register (design_1_i/pdi_0/U0/controller/pixel_addr_reg[11]) that has an active asychronous set or reset. This may cause corruption of the memory contents and/or read values when the set/reset is asserted and is not analyzed by the default static timing analysis. It is suggested to eliminate the use of a set/reset to registers driving this RAMB pin or else use a synchronous reset in which the assertion of the reset is timed by default.
Related violations: <none>

REQP-1839#4 Warning
RAMB36 async control check  
The RAMB36E1 design_1_i/rom_0/U0/dout_reg_0_0 has an input control pin design_1_i/rom_0/U0/dout_reg_0_0/ADDRARDADDR[12] (net: design_1_i/rom_0/U0/address[12]) which is driven by a register (design_1_i/pdi_0/U0/controller/pixel_addr_reg[12]) that has an active asychronous set or reset. This may cause corruption of the memory contents and/or read values when the set/reset is asserted and is not analyzed by the default static timing analysis. It is suggested to eliminate the use of a set/reset to registers driving this RAMB pin or else use a synchronous reset in which the assertion of the reset is timed by default.
Related violations: <none>

REQP-1839#5 Warning
RAMB36 async control check  
The RAMB36E1 design_1_i/rom_0/U0/dout_reg_0_0 has an input control pin design_1_i/rom_0/U0/dout_reg_0_0/ADDRARDADDR[13] (net: design_1_i/rom_0/U0/address[13]) which is driven by a register (design_1_i/pdi_0/U0/controller/pixel_addr_reg[13]) that has an active asychronous set or reset. This may cause corruption of the memory contents and/or read values when the set/reset is asserted and is not analyzed by the default static timing analysis. It is suggested to eliminate the use of a set/reset to registers driving this RAMB pin or else use a synchronous reset in which the assertion of the reset is timed by default.
Related violations: <none>

REQP-1839#6 Warning
RAMB36 async control check  
The RAMB36E1 design_1_i/rom_0/U0/dout_reg_0_0 has an input control pin design_1_i/rom_0/U0/dout_reg_0_0/ADDRARDADDR[14] (net: design_1_i/rom_0/U0/address[14]) which is driven by a register (design_1_i/pdi_0/U0/controller/pixel_addr_reg[14]) that has an active asychronous set or reset. This may cause corruption of the memory contents and/or read values when the set/reset is asserted and is not analyzed by the default static timing analysis. It is suggested to eliminate the use of a set/reset to registers driving this RAMB pin or else use a synchronous reset in which the assertion of the reset is timed by default.
Related violations: <none>

REQP-1839#7 Warning
RAMB36 async control check  
The RAMB36E1 design_1_i/rom_0/U0/dout_reg_0_0 has an input control pin design_1_i/rom_0/U0/dout_reg_0_0/ADDRARDADDR[1] (net: design_1_i/rom_0/U0/address[1]) which is driven by a register (design_1_i/pdi_0/U0/controller/pixel_addr_reg[1]) that has an active asychronous set or reset. This may cause corruption of the memory contents and/or read values when the set/reset is asserted and is not analyzed by the default static timing analysis. It is suggested to eliminate the use of a set/reset to registers driving this RAMB pin or else use a synchronous reset in which the assertion of the reset is timed by default.
Related violations: <none>

REQP-1839#8 Warning
RAMB36 async control check  
The RAMB36E1 design_1_i/rom_0/U0/dout_reg_0_0 has an input control pin design_1_i/rom_0/U0/dout_reg_0_0/ADDRARDADDR[2] (net: design_1_i/rom_0/U0/address[2]) which is driven by a register (design_1_i/pdi_0/U0/controller/pixel_addr_reg[2]) that has an active asychronous set or reset. This may cause corruption of the memory contents and/or read values when the set/reset is asserted and is not analyzed by the default static timing analysis. It is suggested to eliminate the use of a set/reset to registers driving this RAMB pin or else use a synchronous reset in which the assertion of the reset is timed by default.
Related violations: <none>

REQP-1839#9 Warning
RAMB36 async control check  
The RAMB36E1 design_1_i/rom_0/U0/dout_reg_0_0 has an input control pin design_1_i/rom_0/U0/dout_reg_0_0/ADDRARDADDR[3] (net: design_1_i/rom_0/U0/address[3]) which is driven by a register (design_1_i/pdi_0/U0/controller/pixel_addr_reg[3]) that has an active asychronous set or reset. This may cause corruption of the memory contents and/or read values when the set/reset is asserted and is not analyzed by the default static timing analysis. It is suggested to eliminate the use of a set/reset to registers driving this RAMB pin or else use a synchronous reset in which the assertion of the reset is timed by default.
Related violations: <none>

REQP-1839#10 Warning
RAMB36 async control check  
The RAMB36E1 design_1_i/rom_0/U0/dout_reg_0_0 has an input control pin design_1_i/rom_0/U0/dout_reg_0_0/ADDRARDADDR[4] (net: design_1_i/rom_0/U0/address[4]) which is driven by a register (design_1_i/pdi_0/U0/controller/pixel_addr_reg[4]) that has an active asychronous set or reset. This may cause corruption of the memory contents and/or read values when the set/reset is asserted and is not analyzed by the default static timing analysis. It is suggested to eliminate the use of a set/reset to registers driving this RAMB pin or else use a synchronous reset in which the assertion of the reset is timed by default.
Related violations: <none>

REQP-1839#11 Warning
RAMB36 async control check  
The RAMB36E1 design_1_i/rom_0/U0/dout_reg_0_0 has an input control pin design_1_i/rom_0/U0/dout_reg_0_0/ADDRARDADDR[5] (net: design_1_i/rom_0/U0/address[5]) which is driven by a register (design_1_i/pdi_0/U0/controller/pixel_addr_reg[5]) that has an active asychronous set or reset. This may cause corruption of the memory contents and/or read values when the set/reset is asserted and is not analyzed by the default static timing analysis. It is suggested to eliminate the use of a set/reset to registers driving this RAMB pin or else use a synchronous reset in which the assertion of the reset is timed by default.
Related violations: <none>

REQP-1839#12 Warning
RAMB36 async control check  
The RAMB36E1 design_1_i/rom_0/U0/dout_reg_0_0 has an input control pin design_1_i/rom_0/U0/dout_reg_0_0/ADDRARDADDR[6] (net: design_1_i/rom_0/U0/address[6]) which is driven by a register (design_1_i/pdi_0/U0/controller/pixel_addr_reg[6]) that has an active asychronous set or reset. This may cause corruption of the memory contents and/or read values when the set/reset is asserted and is not analyzed by the default static timing analysis. It is suggested to eliminate the use of a set/reset to registers driving this RAMB pin or else use a synchronous reset in which the assertion of the reset is timed by default.
Related violations: <none>

REQP-1839#13 Warning
RAMB36 async control check  
The RAMB36E1 design_1_i/rom_0/U0/dout_reg_0_0 has an input control pin design_1_i/rom_0/U0/dout_reg_0_0/ADDRARDADDR[7] (net: design_1_i/rom_0/U0/address[7]) which is driven by a register (design_1_i/pdi_0/U0/controller/pixel_addr_reg[7]) that has an active asychronous set or reset. This may cause corruption of the memory contents and/or read values when the set/reset is asserted and is not analyzed by the default static timing analysis. It is suggested to eliminate the use of a set/reset to registers driving this RAMB pin or else use a synchronous reset in which the assertion of the reset is timed by default.
Related violations: <none>

REQP-1839#14 Warning
RAMB36 async control check  
The RAMB36E1 design_1_i/rom_0/U0/dout_reg_0_0 has an input control pin design_1_i/rom_0/U0/dout_reg_0_0/ADDRARDADDR[8] (net: design_1_i/rom_0/U0/address[8]) which is driven by a register (design_1_i/pdi_0/U0/controller/pixel_addr_reg[8]) that has an active asychronous set or reset. This may cause corruption of the memory contents and/or read values when the set/reset is asserted and is not analyzed by the default static timing analysis. It is suggested to eliminate the use of a set/reset to registers driving this RAMB pin or else use a synchronous reset in which the assertion of the reset is timed by default.
Related violations: <none>

REQP-1839#15 Warning
RAMB36 async control check  
The RAMB36E1 design_1_i/rom_0/U0/dout_reg_0_0 has an input control pin design_1_i/rom_0/U0/dout_reg_0_0/ADDRARDADDR[9] (net: design_1_i/rom_0/U0/address[9]) which is driven by a register (design_1_i/pdi_0/U0/controller/pixel_addr_reg[9]) that has an active asychronous set or reset. This may cause corruption of the memory contents and/or read values when the set/reset is asserted and is not analyzed by the default static timing analysis. It is suggested to eliminate the use of a set/reset to registers driving this RAMB pin or else use a synchronous reset in which the assertion of the reset is timed by default.
Related violations: <none>

REQP-1839#16 Warning
RAMB36 async control check  
The RAMB36E1 design_1_i/rom_0/U0/dout_reg_0_1 has an input control pin design_1_i/rom_0/U0/dout_reg_0_1/ADDRARDADDR[10] (net: design_1_i/rom_0/U0/address[10]) which is driven by a register (design_1_i/pdi_0/U0/controller/pixel_addr_reg[10]) that has an active asychronous set or reset. This may cause corruption of the memory contents and/or read values when the set/reset is asserted and is not analyzed by the default static timing analysis. It is suggested to eliminate the use of a set/reset to registers driving this RAMB pin or else use a synchronous reset in which the assertion of the reset is timed by default.
Related violations: <none>

REQP-1839#17 Warning
RAMB36 async control check  
The RAMB36E1 design_1_i/rom_0/U0/dout_reg_0_1 has an input control pin design_1_i/rom_0/U0/dout_reg_0_1/ADDRARDADDR[11] (net: design_1_i/rom_0/U0/address[11]) which is driven by a register (design_1_i/pdi_0/U0/controller/pixel_addr_reg[11]) that has an active asychronous set or reset. This may cause corruption of the memory contents and/or read values when the set/reset is asserted and is not analyzed by the default static timing analysis. It is suggested to eliminate the use of a set/reset to registers driving this RAMB pin or else use a synchronous reset in which the assertion of the reset is timed by default.
Related violations: <none>

REQP-1839#18 Warning
RAMB36 async control check  
The RAMB36E1 design_1_i/rom_0/U0/dout_reg_0_1 has an input control pin design_1_i/rom_0/U0/dout_reg_0_1/ADDRARDADDR[12] (net: design_1_i/rom_0/U0/address[12]) which is driven by a register (design_1_i/pdi_0/U0/controller/pixel_addr_reg[12]) that has an active asychronous set or reset. This may cause corruption of the memory contents and/or read values when the set/reset is asserted and is not analyzed by the default static timing analysis. It is suggested to eliminate the use of a set/reset to registers driving this RAMB pin or else use a synchronous reset in which the assertion of the reset is timed by default.
Related violations: <none>

REQP-1839#19 Warning
RAMB36 async control check  
The RAMB36E1 design_1_i/rom_0/U0/dout_reg_0_1 has an input control pin design_1_i/rom_0/U0/dout_reg_0_1/ADDRARDADDR[13] (net: design_1_i/rom_0/U0/address[13]) which is driven by a register (design_1_i/pdi_0/U0/controller/pixel_addr_reg[13]) that has an active asychronous set or reset. This may cause corruption of the memory contents and/or read values when the set/reset is asserted and is not analyzed by the default static timing analysis. It is suggested to eliminate the use of a set/reset to registers driving this RAMB pin or else use a synchronous reset in which the assertion of the reset is timed by default.
Related violations: <none>

REQP-1839#20 Warning
RAMB36 async control check  
The RAMB36E1 design_1_i/rom_0/U0/dout_reg_0_1 has an input control pin design_1_i/rom_0/U0/dout_reg_0_1/ADDRARDADDR[14] (net: design_1_i/rom_0/U0/address[14]) which is driven by a register (design_1_i/pdi_0/U0/controller/pixel_addr_reg[14]) that has an active asychronous set or reset. This may cause corruption of the memory contents and/or read values when the set/reset is asserted and is not analyzed by the default static timing analysis. It is suggested to eliminate the use of a set/reset to registers driving this RAMB pin or else use a synchronous reset in which the assertion of the reset is timed by default.
Related violations: <none>

ZPS7-1#1 Warning
PS7 block required  
The PS7 cell must be used in this Zynq design in order to enable correct default configuration.
Related violations: <none>


