
*** Running vivado
    with args -log design_1_rgb24_to_vga565_0_0.vds -m64 -product Vivado -mode batch -messageDb vivado.pb -notrace -source design_1_rgb24_to_vga565_0_0.tcl


****** Vivado v2017.4 (64-bit)
  **** SW Build 2086221 on Fri Dec 15 20:54:30 MST 2017
  **** IP Build 2085800 on Fri Dec 15 22:25:07 MST 2017
    ** Copyright 1986-2017 Xilinx, Inc. All Rights Reserved.

source design_1_rgb24_to_vga565_0_0.tcl -notrace
Command: synth_design -top design_1_rgb24_to_vga565_0_0 -part xc7z010clg400-1 -mode out_of_context
Starting synth_design
Attempting to get a license for feature 'Synthesis' and/or device 'xc7z010'
INFO: [Common 17-349] Got license for feature 'Synthesis' and/or device 'xc7z010'
INFO: Launching helper process for spawning children vivado processes
INFO: Helper process launched with PID 13911 
---------------------------------------------------------------------------------
Starting Synthesize : Time (s): cpu = 00:00:14 ; elapsed = 00:00:17 . Memory (MB): peak = 1260.488 ; gain = 81.996 ; free physical = 130 ; free virtual = 11645
---------------------------------------------------------------------------------
INFO: [Synth 8-638] synthesizing module 'design_1_rgb24_to_vga565_0_0' [/home/jonas/Documentos/universidade/S5/SD/2_image/agoradacerto/vdcbkp/pdi/sd_trab_pdi/sd_trab_pdi.srcs/sources_1/bd/design_1/ip/design_1_rgb24_to_vga565_0_0/synth/design_1_rgb24_to_vga565_0_0.vhd:63]
INFO: [Synth 8-3491] module 'rgb24_to_vga565' declared at '/home/jonas/Documentos/universidade/S5/SD/2_image/agoradacerto/vdcbkp/pdi/sd_trab_pdi/sd_trab_pdi.srcs/sources_1/new/rgb24_to_vga565.vhd:34' bound to instance 'U0' of component 'rgb24_to_vga565' [/home/jonas/Documentos/universidade/S5/SD/2_image/agoradacerto/vdcbkp/pdi/sd_trab_pdi/sd_trab_pdi.srcs/sources_1/bd/design_1/ip/design_1_rgb24_to_vga565_0_0/synth/design_1_rgb24_to_vga565_0_0.vhd:77]
INFO: [Synth 8-638] synthesizing module 'rgb24_to_vga565' [/home/jonas/Documentos/universidade/S5/SD/2_image/agoradacerto/vdcbkp/pdi/sd_trab_pdi/sd_trab_pdi.srcs/sources_1/new/rgb24_to_vga565.vhd:42]
INFO: [Synth 8-256] done synthesizing module 'rgb24_to_vga565' (1#1) [/home/jonas/Documentos/universidade/S5/SD/2_image/agoradacerto/vdcbkp/pdi/sd_trab_pdi/sd_trab_pdi.srcs/sources_1/new/rgb24_to_vga565.vhd:42]
INFO: [Synth 8-256] done synthesizing module 'design_1_rgb24_to_vga565_0_0' (2#1) [/home/jonas/Documentos/universidade/S5/SD/2_image/agoradacerto/vdcbkp/pdi/sd_trab_pdi/sd_trab_pdi.srcs/sources_1/bd/design_1/ip/design_1_rgb24_to_vga565_0_0/synth/design_1_rgb24_to_vga565_0_0.vhd:63]
WARNING: [Synth 8-3331] design rgb24_to_vga565 has unconnected port rgb_din[18]
WARNING: [Synth 8-3331] design rgb24_to_vga565 has unconnected port rgb_din[17]
WARNING: [Synth 8-3331] design rgb24_to_vga565 has unconnected port rgb_din[16]
WARNING: [Synth 8-3331] design rgb24_to_vga565 has unconnected port rgb_din[9]
WARNING: [Synth 8-3331] design rgb24_to_vga565 has unconnected port rgb_din[8]
WARNING: [Synth 8-3331] design rgb24_to_vga565 has unconnected port rgb_din[2]
WARNING: [Synth 8-3331] design rgb24_to_vga565 has unconnected port rgb_din[1]
WARNING: [Synth 8-3331] design rgb24_to_vga565 has unconnected port rgb_din[0]
---------------------------------------------------------------------------------
Finished Synthesize : Time (s): cpu = 00:00:15 ; elapsed = 00:00:19 . Memory (MB): peak = 1302.020 ; gain = 123.527 ; free physical = 169 ; free virtual = 11529
---------------------------------------------------------------------------------
---------------------------------------------------------------------------------
Finished Constraint Validation : Time (s): cpu = 00:00:15 ; elapsed = 00:00:19 . Memory (MB): peak = 1302.020 ; gain = 123.527 ; free physical = 169 ; free virtual = 11530
---------------------------------------------------------------------------------
---------------------------------------------------------------------------------
Start Loading Part and Timing Information
---------------------------------------------------------------------------------
Loading part: xc7z010clg400-1
---------------------------------------------------------------------------------
Finished Loading Part and Timing Information : Time (s): cpu = 00:00:15 ; elapsed = 00:00:19 . Memory (MB): peak = 1310.023 ; gain = 131.531 ; free physical = 174 ; free virtual = 11536
---------------------------------------------------------------------------------
---------------------------------------------------------------------------------
Finished RTL Optimization Phase 2 : Time (s): cpu = 00:00:15 ; elapsed = 00:00:19 . Memory (MB): peak = 1310.023 ; gain = 131.531 ; free physical = 176 ; free virtual = 11538
---------------------------------------------------------------------------------

Report RTL Partitions: 
+-+--------------+------------+----------+
| |RTL Partition |Replication |Instances |
+-+--------------+------------+----------+
+-+--------------+------------+----------+
No constraint files found.
---------------------------------------------------------------------------------
Start RTL Component Statistics 
---------------------------------------------------------------------------------
Detailed RTL Component Info : 
---------------------------------------------------------------------------------
Finished RTL Component Statistics 
---------------------------------------------------------------------------------
---------------------------------------------------------------------------------
Start RTL Hierarchical Component Statistics 
---------------------------------------------------------------------------------
Hierarchical RTL Component report 
---------------------------------------------------------------------------------
Finished RTL Hierarchical Component Statistics
---------------------------------------------------------------------------------
---------------------------------------------------------------------------------
Start Part Resource Summary
---------------------------------------------------------------------------------
INFO: [Device 21-403] Loading part xc7z010clg400-1
Part Resources:
DSPs: 80 (col length:40)
BRAMs: 120 (col length: RAMB18 40 RAMB36 20)
---------------------------------------------------------------------------------
Finished Part Resource Summary
---------------------------------------------------------------------------------
No constraint files found.
---------------------------------------------------------------------------------
Start Cross Boundary and Area Optimization
---------------------------------------------------------------------------------
WARNING: [Synth 8-3330] design design_1_rgb24_to_vga565_0_0 has an empty top module
WARNING: [Synth 8-3331] design design_1_rgb24_to_vga565_0_0 has unconnected port rgb_din[18]
WARNING: [Synth 8-3331] design design_1_rgb24_to_vga565_0_0 has unconnected port rgb_din[17]
WARNING: [Synth 8-3331] design design_1_rgb24_to_vga565_0_0 has unconnected port rgb_din[16]
WARNING: [Synth 8-3331] design design_1_rgb24_to_vga565_0_0 has unconnected port rgb_din[9]
WARNING: [Synth 8-3331] design design_1_rgb24_to_vga565_0_0 has unconnected port rgb_din[8]
WARNING: [Synth 8-3331] design design_1_rgb24_to_vga565_0_0 has unconnected port rgb_din[2]
WARNING: [Synth 8-3331] design design_1_rgb24_to_vga565_0_0 has unconnected port rgb_din[1]
WARNING: [Synth 8-3331] design design_1_rgb24_to_vga565_0_0 has unconnected port rgb_din[0]
---------------------------------------------------------------------------------
Finished Cross Boundary and Area Optimization : Time (s): cpu = 00:00:28 ; elapsed = 00:00:58 . Memory (MB): peak = 1399.344 ; gain = 220.852 ; free physical = 137 ; free virtual = 11054
---------------------------------------------------------------------------------

Report RTL Partitions: 
+-+--------------+------------+----------+
| |RTL Partition |Replication |Instances |
+-+--------------+------------+----------+
+-+--------------+------------+----------+
No constraint files found.
---------------------------------------------------------------------------------
Start Timing Optimization
---------------------------------------------------------------------------------
---------------------------------------------------------------------------------
Finished Timing Optimization : Time (s): cpu = 00:00:28 ; elapsed = 00:00:58 . Memory (MB): peak = 1399.344 ; gain = 220.852 ; free physical = 145 ; free virtual = 11003
---------------------------------------------------------------------------------

Report RTL Partitions: 
+-+--------------+------------+----------+
| |RTL Partition |Replication |Instances |
+-+--------------+------------+----------+
+-+--------------+------------+----------+
---------------------------------------------------------------------------------
Start Technology Mapping
---------------------------------------------------------------------------------
---------------------------------------------------------------------------------
Finished Technology Mapping : Time (s): cpu = 00:00:28 ; elapsed = 00:00:58 . Memory (MB): peak = 1408.359 ; gain = 229.867 ; free physical = 145 ; free virtual = 11002
---------------------------------------------------------------------------------

Report RTL Partitions: 
+-+--------------+------------+----------+
| |RTL Partition |Replication |Instances |
+-+--------------+------------+----------+
+-+--------------+------------+----------+
---------------------------------------------------------------------------------
Start IO Insertion
---------------------------------------------------------------------------------
---------------------------------------------------------------------------------
Start Flattening Before IO Insertion
---------------------------------------------------------------------------------
---------------------------------------------------------------------------------
Finished Flattening Before IO Insertion
---------------------------------------------------------------------------------
---------------------------------------------------------------------------------
Start Final Netlist Cleanup
---------------------------------------------------------------------------------
---------------------------------------------------------------------------------
Finished Final Netlist Cleanup
---------------------------------------------------------------------------------
---------------------------------------------------------------------------------
Finished IO Insertion : Time (s): cpu = 00:00:29 ; elapsed = 00:00:59 . Memory (MB): peak = 1408.359 ; gain = 229.867 ; free physical = 145 ; free virtual = 10961
---------------------------------------------------------------------------------

Report Check Netlist: 
+------+------------------+-------+---------+-------+------------------+
|      |Item              |Errors |Warnings |Status |Description       |
+------+------------------+-------+---------+-------+------------------+
|1     |multi_driven_nets |      0|        0|Passed |Multi driven nets |
+------+------------------+-------+---------+-------+------------------+
---------------------------------------------------------------------------------
Start Renaming Generated Instances
---------------------------------------------------------------------------------
---------------------------------------------------------------------------------
Finished Renaming Generated Instances : Time (s): cpu = 00:00:29 ; elapsed = 00:00:59 . Memory (MB): peak = 1408.359 ; gain = 229.867 ; free physical = 141 ; free virtual = 10957
---------------------------------------------------------------------------------

Report RTL Partitions: 
+-+--------------+------------+----------+
| |RTL Partition |Replication |Instances |
+-+--------------+------------+----------+
+-+--------------+------------+----------+
---------------------------------------------------------------------------------
Start Rebuilding User Hierarchy
---------------------------------------------------------------------------------
---------------------------------------------------------------------------------
Finished Rebuilding User Hierarchy : Time (s): cpu = 00:00:29 ; elapsed = 00:00:59 . Memory (MB): peak = 1408.359 ; gain = 229.867 ; free physical = 144 ; free virtual = 10960
---------------------------------------------------------------------------------
---------------------------------------------------------------------------------
Start Renaming Generated Ports
---------------------------------------------------------------------------------
---------------------------------------------------------------------------------
Finished Renaming Generated Ports : Time (s): cpu = 00:00:29 ; elapsed = 00:00:59 . Memory (MB): peak = 1408.359 ; gain = 229.867 ; free physical = 144 ; free virtual = 10960
---------------------------------------------------------------------------------
---------------------------------------------------------------------------------
Start Handling Custom Attributes
---------------------------------------------------------------------------------
---------------------------------------------------------------------------------
Finished Handling Custom Attributes : Time (s): cpu = 00:00:29 ; elapsed = 00:00:59 . Memory (MB): peak = 1408.359 ; gain = 229.867 ; free physical = 144 ; free virtual = 10960
---------------------------------------------------------------------------------
---------------------------------------------------------------------------------
Start Renaming Generated Nets
---------------------------------------------------------------------------------
---------------------------------------------------------------------------------
Finished Renaming Generated Nets : Time (s): cpu = 00:00:29 ; elapsed = 00:00:59 . Memory (MB): peak = 1408.359 ; gain = 229.867 ; free physical = 145 ; free virtual = 10960
---------------------------------------------------------------------------------
---------------------------------------------------------------------------------
Start Writing Synthesis Report
---------------------------------------------------------------------------------

Report BlackBoxes: 
+-+--------------+----------+
| |BlackBox name |Instances |
+-+--------------+----------+
+-+--------------+----------+

Report Cell Usage: 
+-+-----+------+
| |Cell |Count |
+-+-----+------+
+-+-----+------+

Report Instance Areas: 
+------+---------+-------+------+
|      |Instance |Module |Cells |
+------+---------+-------+------+
|1     |top      |       |     0|
+------+---------+-------+------+
---------------------------------------------------------------------------------
Finished Writing Synthesis Report : Time (s): cpu = 00:00:29 ; elapsed = 00:00:59 . Memory (MB): peak = 1408.359 ; gain = 229.867 ; free physical = 140 ; free virtual = 10956
---------------------------------------------------------------------------------
Synthesis finished with 0 errors, 0 critical warnings and 17 warnings.
Synthesis Optimization Runtime : Time (s): cpu = 00:00:29 ; elapsed = 00:00:59 . Memory (MB): peak = 1408.359 ; gain = 229.867 ; free physical = 143 ; free virtual = 10959
Synthesis Optimization Complete : Time (s): cpu = 00:00:29 ; elapsed = 00:00:59 . Memory (MB): peak = 1408.367 ; gain = 229.867 ; free physical = 143 ; free virtual = 10959
INFO: [Project 1-571] Translating synthesized netlist
INFO: [Project 1-570] Preparing netlist for logic optimization
INFO: [Opt 31-138] Pushed 0 inverter(s) to 0 load pin(s).
INFO: [Project 1-111] Unisim Transformation Summary:
No Unisim elements were transformed.

INFO: [Common 17-83] Releasing license: Synthesis
12 Infos, 17 Warnings, 0 Critical Warnings and 0 Errors encountered.
synth_design completed successfully
synth_design: Time (s): cpu = 00:00:32 ; elapsed = 00:01:04 . Memory (MB): peak = 1496.391 ; gain = 331.266 ; free physical = 160 ; free virtual = 10823
INFO: [Timing 38-35] Done setting XDC timing constraints.
INFO: [Common 17-1381] The checkpoint '/home/jonas/Documentos/universidade/S5/SD/2_image/agoradacerto/vdcbkp/pdi/sd_trab_pdi/sd_trab_pdi.runs/design_1_rgb24_to_vga565_0_0_synth_1/design_1_rgb24_to_vga565_0_0.dcp' has been generated.
write_checkpoint: Time (s): cpu = 00:00:17 ; elapsed = 00:00:41 . Memory (MB): peak = 1891.910 ; gain = 395.520 ; free physical = 128 ; free virtual = 9623
INFO: [Common 17-1381] The checkpoint '/home/jonas/Documentos/universidade/S5/SD/2_image/agoradacerto/vdcbkp/pdi/sd_trab_pdi/sd_trab_pdi.runs/design_1_rgb24_to_vga565_0_0_synth_1/design_1_rgb24_to_vga565_0_0.dcp' has been generated.
INFO: [runtcl-4] Executing : report_utilization -file design_1_rgb24_to_vga565_0_0_utilization_synth.rpt -pb design_1_rgb24_to_vga565_0_0_utilization_synth.pb
report_utilization: Time (s): cpu = 00:00:00.17 ; elapsed = 00:00:01 . Memory (MB): peak = 1891.910 ; gain = 0.000 ; free physical = 180 ; free virtual = 9363
INFO: [Common 17-206] Exiting Vivado at Mon Jun 24 13:35:24 2019...
